<?xml version="1.0" encoding="UTF-8"?>
<!-- Generated by org.testng.reporters.JUnitReportReporter -->
<testsuite hostname="SHIVRAJ" failures="0" tests="1" name="Authorsrequest_PF.DeleteAuthorById" time="1.930" errors="0" timestamp="2022-07-04T19:58:20 IST" skipped="0">
  <testcase classname="Authorsrequest_PF.DeleteAuthorById" name="delUser" time="1.930"/>
  <system-out/>
</testsuite> <!-- Authorsrequest_PF.DeleteAuthorById -->
