<?xml version="1.0" encoding="UTF-8"?>
<!-- Generated by org.testng.reporters.JUnitReportReporter -->
<testsuite hostname="SHIVRAJ" failures="0" tests="1" name="Authorsrequest_NF.RetriveAuthorById" time="1.965" errors="0" timestamp="2022-07-04T19:57:43 IST" skipped="0">
  <testcase classname="Authorsrequest_NF.RetriveAuthorById" name="getAuthorbyID" time="1.965"/>
  <system-out/>
</testsuite> <!-- Authorsrequest_NF.RetriveAuthorById -->
