<?xml version="1.0" encoding="UTF-8"?>
<!-- Generated by org.testng.reporters.JUnitReportReporter -->
<testsuite hostname="SHIVRAJ" failures="0" tests="1" name="Activity.RetriveActivityById0" time="2.452" errors="0" timestamp="2022-07-04T19:57:30 IST" skipped="0">
  <testcase classname="Activity.RetriveActivityById0" name="getActivityById" time="2.452"/>
  <system-out/>
</testsuite> <!-- Activity.RetriveActivityById0 -->
