<?xml version="1.0" encoding="UTF-8"?>
<!-- Generated by org.testng.reporters.JUnitReportReporter -->
<testsuite hostname="SHIVRAJ" failures="0" tests="1" name="Authorsrequest_NF.RetriveAuthorByIdBook" time="2.000" errors="0" timestamp="2022-07-04T19:58:03 IST" skipped="0">
  <testcase classname="Authorsrequest_NF.RetriveAuthorByIdBook" name="getAuthorbyIDBook" time="2.000"/>
  <system-out/>
</testsuite> <!-- Authorsrequest_NF.RetriveAuthorByIdBook -->
