<?xml version="1.0" encoding="UTF-8"?>
<!-- Generated by org.testng.reporters.JUnitReportReporter -->
<testsuite hostname="SHIVRAJ" failures="0" tests="1" name="Authorsrequest.CreateUser" time="3.467" errors="0" timestamp="2022-06-30T22:08:58 IST" skipped="0">
  <testcase classname="Authorsrequest.CreateUser" name="addNewUser" time="3.467"/>
  <system-out/>
</testsuite> <!-- Authorsrequest.CreateUser -->
