<?xml version="1.0" encoding="UTF-8"?>
<!-- Generated by org.testng.reporters.JUnitReportReporter -->
<testsuite hostname="SHIVRAJ" failures="0" tests="1" name="Authorsrequest_PF.CreateAuthors" time="2.436" errors="0" timestamp="2022-07-04T19:58:13 IST" skipped="0">
  <testcase classname="Authorsrequest_PF.CreateAuthors" name="addNewAuthors" time="2.436"/>
  <system-out/>
</testsuite> <!-- Authorsrequest_PF.CreateAuthors -->
